16:33:27 - INFO - Start
16:33:27 - INFO - constructing argument parser
16:33:27 - INFO - Done!
16:33:27 - DEBUG - arguments: {'topN': 100, 'genres': 'Animation|Comedy', 'year_from': 1980, 'year_to': 2010, 'regexp': '\\d'}
16:33:27 - INFO - reading movies.csv
16:33:27 - INFO - Done!
16:33:27 - DEBUG - cols: dict_keys(['movieId', 'title', 'genres']), shape: (3, 9742)
16:33:27 - INFO - splitting title to year
16:33:27 - INFO - Done!
16:33:27 - DEBUG - cols: dict_keys(['movieId', 'title', 'genres', 'year']), shape: (4, 9742)
16:33:27 - INFO - sorting movies by movieId
16:33:27 - INFO - Done!
16:33:27 - INFO - reading ratings.csv
16:33:28 - INFO - Done!
16:33:28 - DEBUG - cols: dict_keys(['userId', 'movieId', 'rating', 'timestamp']), shape: (4, 100836)
16:33:28 - INFO - sorting ratings by movieId
16:33:28 - INFO - Done!
16:33:28 - INFO - groupping ratings by movieId
16:33:29 - INFO - Done!
16:33:29 - DEBUG - cols: dict_keys(['movieId', 'rating']), shape: (2, 9724)
16:33:29 - INFO - merging movies and ratings
16:33:29 - INFO - Done!
16:33:29 - DEBUG - cols: dict_keys(['movieId', 'title', 'genres', 'year', 'rating']), shape: (5, 9742)
16:33:29 - INFO - sorting data by rating
16:33:29 - INFO - Done!
16:33:29 - INFO - filtering data by year_from
16:33:29 - INFO - Done!
16:33:29 - DEBUG - cols: dict_keys(['movieId', 'title', 'genres', 'year', 'rating']), shape: (5, 8166)
16:33:29 - INFO - filtering data by year_to
16:33:29 - INFO - Done!
16:33:29 - DEBUG - cols: dict_keys(['movieId', 'title', 'genres', 'year', 'rating']), shape: (5, 6477)
16:33:29 - INFO - filtering data by regexp
16:33:29 - INFO - Done!
16:33:29 - DEBUG - cols: dict_keys(['movieId', 'title', 'genres', 'year', 'rating']), shape: (5, 399)
16:33:29 - INFO - working with Animation
16:33:29 - INFO - Animation genre added to output
16:33:29 - INFO - working with Comedy
16:33:29 - INFO - Comedy genre added to output
16:33:29 - INFO - result printed
16:33:29 - DEBUG - cols: dict_keys(['movieId', 'title', 'genres', 'year', 'rating']), shape: (5, 139)
16:33:29 - INFO - Finish in 2.0386 secs
