23:30:46 - INFO - Start
23:30:46 - INFO - constructing argument parser
23:30:46 - DEBUG - arguments: {'topN': 5, 'genres': 'Horror|Children', 'year_from': 1995, 'year_to': 2010, 'regexp': None}
23:30:46 - INFO - Done!
23:30:46 - INFO - Opening connection to DB
23:30:46 - DEBUG - new_auth_plugin: mysql_native_password
23:30:46 - INFO - Done!
23:30:46 - INFO - fetching and printing movies
23:30:46 - INFO - fetching movies
23:31:02 - DEBUG - Rows produced by statement "CALL spr_find_top_rated_movies(5, NULL, 1995, 2010, 'Horror|Children')":
23:31:02 - DEBUG - (53127, 'Bug', 'Drama|Horror|Thriller', 2007, 2.9)
23:31:02 - DEBUG - (8035, 'Stendhal Syndrome, The (Sindrome di Stendhal, La)', 'Crime|Horror|Thriller', 1996, 2.0)
23:31:02 - DEBUG - (3830, 'Psycho Beach Party', 'Comedy|Horror|Thriller', 2000, 1.5)
23:31:02 - DEBUG - (43904, 'When a Stranger Calls', 'Horror|Thriller', 2006, 1.3)
23:31:02 - DEBUG - (83601, 'Amer', 'Drama|Horror', 2009, 0.5)
23:31:02 - DEBUG - (4232, 'Spy Kids', 'Action|Adventure|Children|Comedy', 2001, 2.9)
23:31:02 - DEBUG - (71745, 'Where the Wild Things Are', 'Adventure|Children|Drama|Fantasy|IMAX', 2009, 2.7)
23:31:02 - DEBUG - (5048, 'Snow Dogs', 'Adventure|Children|Comedy', 2002, 2.3)
23:31:02 - DEBUG - (5504, 'Spy Kids 2: The Island of Lost Dreams', 'Adventure|Children', 2002, 2.2)
23:31:02 - DEBUG - (5672, 'Pokemon 4 Ever (a.k.a. Pokémon 4: The Movie)', 'Adventure|Animation|Children|Fantasy', 2002, 0.5)
23:31:02 - INFO - Done!
23:31:02 - INFO - Connection to DB closed
23:31:02 - INFO - Finish in 16.1175 secs
