19:00:29 - INFO - Start
19:00:29 - INFO - constructing argument parser
19:00:29 - INFO - Done!
19:00:29 - DEBUG - arguments: {'topN': 100, 'genres': 'Animation|Comedy', 'year_from': 1080, 'year_to': 2010, 'regexp': '\\d'}
19:00:29 - INFO - Opening connection to DB
19:00:29 - DEBUG - new_auth_plugin: mysql_native_password
19:00:29 - INFO - Done!
19:00:29 - INFO - import ratings to DB
19:00:29 - DEBUG - (userId, movieId, rating, timestamp)
19:01:00 - INFO - Rows affected: 100836
19:01:00 - INFO - Done!
19:01:00 - INFO - import movies to DB
19:01:00 - DEBUG - (movieId, title, genres, year)
19:01:02 - WARNING - Can`t split year column in row: ['40697', 'Babylon 5', 'Sci-Fi']
19:01:03 - WARNING - Can`t split year column in row: ['140956', 'Ready Player One', 'Action|Sci-Fi|Thriller']
19:01:03 - WARNING - Can`t split year column in row: ['143410', 'Hyena Road', '(no genres listed)']
19:01:03 - WARNING - Can`t split year column in row: ['147250', 'The Adventures of Sherlock Holmes and Doctor Watson', '(no genres listed)']
19:01:03 - WARNING - Can`t split year column in row: ['149334', 'Nocturnal Animals', 'Drama|Thriller']
19:01:03 - WARNING - Can`t split year column in row: ['156605', 'Paterson', '(no genres listed)']
19:01:03 - WARNING - Can`t split year column in row: ['162414', 'Moonlight', 'Drama']
19:01:03 - WARNING - Can`t split year column in row: ['167570', 'The OA', '(no genres listed)']
19:01:03 - WARNING - Can`t split year column in row: ['171495', 'Cosmos', '(no genres listed)']
19:01:03 - WARNING - Can`t split year column in row: ['171631', 'Maria Bamford: Old Baby', '(no genres listed)']
19:01:03 - WARNING - Can`t split year column in row: ['171749', 'Death Note: Desu nôto (2006–2007)', '(no genres listed)']
19:01:03 - WARNING - Can`t split year column in row: ['171891', 'Generation Iron 2', '(no genres listed)']
19:01:03 - WARNING - Can`t split year column in row: ['176601', 'Black Mirror', '(no genres listed)']
19:01:03 - INFO - Rows affected: 9742
19:01:03 - INFO - Done!
19:01:03 - INFO - Connection to DB closed
19:01:03 - INFO - Finish in 34.1899 secs
